ImageScan/build/outputs/logs/manifest-merger-debug-report.txt
-- Merging decision tree log ---
manifest
ADDED from Tangcco170205_Ftp\ImageScan\AndroidManifest.xml:2:1-32:12
	package
		ADDED from Tangcco170205_Ftp\ImageScan\AndroidManifest.xml:3:5-36
	android:versionName
		ADDED from Tangcco170205_Ftp\ImageScan\AndroidManifest.xml:5:5-30
		INJECTED from Tangcco170205_Ftp\ImageScan\AndroidManifest.xml
		INJECTED from Tangcco170205_Ftp\ImageScan\AndroidManifest.xml
	android:versionCode
		ADDED from Tangcco170205_Ftp\ImageScan\AndroidManifest.xml:4:5-28
		INJECTED from Tangcco170205_Ftp\ImageScan\AndroidManifest.xml
		INJECTED from Tangcco170205_Ftp\ImageScan\AndroidManifest.xml
	xmlns:android
		ADDED from Tangcco170205_Ftp\ImageScan\AndroidManifest.xml:2:11-69
uses-sdk
ADDED from Tangcco170205_Ftp\ImageScan\AndroidManifest.xml:7:5-9:41
	android:targetSdkVersion
		ADDED from Tangcco170205_Ftp\ImageScan\AndroidManifest.xml:9:9-38
	android:minSdkVersion
		ADDED from Tangcco170205_Ftp\ImageScan\AndroidManifest.xml:8:9-35
application
ADDED from Tangcco170205_Ftp\ImageScan\AndroidManifest.xml:11:5-27:19
	android:label
		ADDED from Tangcco170205_Ftp\ImageScan\AndroidManifest.xml:14:9-41
	android:allowBackup
		ADDED from Tangcco170205_Ftp\ImageScan\AndroidManifest.xml:12:9-35
	android:icon
		ADDED from Tangcco170205_Ftp\ImageScan\AndroidManifest.xml:13:9-45
	android:theme
		ADDED from Tangcco170205_Ftp\ImageScan\AndroidManifest.xml:15:9-40
activity#com.example.imagescan.MainActivity
ADDED from Tangcco170205_Ftp\ImageScan\AndroidManifest.xml:16:9-24:20
	android:label
		ADDED from Tangcco170205_Ftp\ImageScan\AndroidManifest.xml:18:13-45
	android:name
		ADDED from Tangcco170205_Ftp\ImageScan\AndroidManifest.xml:17:13-62
intent-filter#android.intent.action.MAIN+android.intent.category.LAUNCHER
ADDED from Tangcco170205_Ftp\ImageScan\AndroidManifest.xml:19:13-23:29
action#android.intent.action.MAIN
ADDED from Tangcco170205_Ftp\ImageScan\AndroidManifest.xml:20:17-69
	android:name
		ADDED from Tangcco170205_Ftp\ImageScan\AndroidManifest.xml:20:25-66
category#android.intent.category.LAUNCHER
ADDED from Tangcco170205_Ftp\ImageScan\AndroidManifest.xml:22:17-77
	android:name
		ADDED from Tangcco170205_Ftp\ImageScan\AndroidManifest.xml:22:27-74
activity#com.example.imagescan.ShowImageActivity
ADDED from Tangcco170205_Ftp\ImageScan\AndroidManifest.xml:26:9-85
	android:name
		ADDED from Tangcco170205_Ftp\ImageScan\AndroidManifest.xml:26:19-73
uses-permission#android.permission.WRITE_EXTERNAL_STORAGE
ADDED from Tangcco170205_Ftp\ImageScan\AndroidManifest.xml:30:5-81
	android:name
		ADDED from Tangcco170205_Ftp\ImageScan\AndroidManifest.xml:30:22-78